[debug] [2021-07-22T17:34:24.458Z] ----------------------------------------------------------------------
[debug] [2021-07-22T17:34:24.465Z] Command:       C:\Program Files (x86)\nodejs\node.exe C:\Users\Acer\AppData\Roaming\npm\node_modules\firebase-tools\lib\bin\firebase.js serve --only hosting
[debug] [2021-07-22T17:34:24.466Z] CLI Version:   9.16.0
[debug] [2021-07-22T17:34:24.466Z] Platform:      win32
[debug] [2021-07-22T17:34:24.466Z] Node Version:  v14.17.0
[debug] [2021-07-22T17:34:24.469Z] Time:          Thu Jul 22 2021 14:34:24 GMT-0300 (Horário Padrão de Brasília)
[debug] [2021-07-22T17:34:24.469Z] ----------------------------------------------------------------------
[debug] 
[debug] [2021-07-22T17:34:24.583Z] > command requires scopes: ["email","openid","https://www.googleapis.com/auth/cloudplatformprojects.readonly","https://www.googleapis.com/auth/firebase","https://www.googleapis.com/auth/cloud-platform"]
[debug] [2021-07-22T17:34:24.583Z] > authorizing via signed-in user (isisbeatrizrn@gmail.com)
[debug] [2021-07-22T17:34:24.583Z] [iam] checking project sap006-socialnetwork for permissions ["firebase.projects.get"]
[debug] [2021-07-22T17:34:24.587Z] > refreshing access token with scopes: ["email","https://www.googleapis.com/auth/cloud-platform","https://www.googleapis.com/auth/cloudplatformprojects.readonly","https://www.googleapis.com/auth/firebase","openid"]
[debug] [2021-07-22T17:34:24.587Z] >>> HTTP REQUEST POST https://www.googleapis.com/oauth2/v3/token  
 <request body omitted>
[debug] [2021-07-22T17:34:24.905Z] <<< HTTP RESPONSE 200 {"pragma":"no-cache","expires":"Mon, 01 Jan 1990 00:00:00 GMT","cache-control":"no-cache, no-store, max-age=0, must-revalidate","date":"Thu, 22 Jul 2021 17:34:24 GMT","content-type":"application/json; charset=utf-8","vary":"X-Origin, Referer, Origin,Accept-Encoding","server":"scaffolding on HTTPServer2","x-xss-protection":"0","x-frame-options":"SAMEORIGIN","x-content-type-options":"nosniff","alt-svc":"h3=\":443\"; ma=2592000,h3-29=\":443\"; ma=2592000,h3-T051=\":443\"; ma=2592000,h3-Q050=\":443\"; ma=2592000,h3-Q046=\":443\"; ma=2592000,h3-Q043=\":443\"; ma=2592000,quic=\":443\"; ma=2592000; v=\"46,43\"","accept-ranges":"none","transfer-encoding":"chunked"}
[debug] [2021-07-22T17:34:24.988Z] >>> HTTP REQUEST POST https://cloudresourcemanager.googleapis.com/v1/projects/sap006-socialnetwork:testIamPermissions  
 {"permissions":["firebase.projects.get"]}
[debug] [2021-07-22T17:34:25.988Z] <<< HTTP RESPONSE 200 {"content-type":"application/json; charset=UTF-8","vary":"X-Origin, Referer, Origin,Accept-Encoding","date":"Thu, 22 Jul 2021 17:34:25 GMT","server":"ESF","cache-control":"private","x-xss-protection":"0","x-frame-options":"SAMEORIGIN","x-content-type-options":"nosniff","server-timing":"gfet4t7; dur=776","alt-svc":"h3=\":443\"; ma=2592000,h3-29=\":443\"; ma=2592000,h3-T051=\":443\"; ma=2592000,h3-Q050=\":443\"; ma=2592000,h3-Q046=\":443\"; ma=2592000,h3-Q043=\":443\"; ma=2592000,quic=\":443\"; ma=2592000; v=\"46,43\"","accept-ranges":"none","transfer-encoding":"chunked"}
[debug] [2021-07-22T17:34:25.991Z] > refreshing access token with scopes: []
[debug] [2021-07-22T17:34:25.991Z] >>> HTTP REQUEST POST https://www.googleapis.com/oauth2/v3/token  
 <request body omitted>
[debug] [2021-07-22T17:34:26.317Z] <<< HTTP RESPONSE 200 {"date":"Thu, 22 Jul 2021 17:34:26 GMT","expires":"Mon, 01 Jan 1990 00:00:00 GMT","cache-control":"no-cache, no-store, max-age=0, must-revalidate","pragma":"no-cache","content-type":"application/json; charset=utf-8","vary":"X-Origin, Referer, Origin,Accept-Encoding","server":"scaffolding on HTTPServer2","x-xss-protection":"0","x-frame-options":"SAMEORIGIN","x-content-type-options":"nosniff","alt-svc":"h3=\":443\"; ma=2592000,h3-29=\":443\"; ma=2592000,h3-T051=\":443\"; ma=2592000,h3-Q050=\":443\"; ma=2592000,h3-Q046=\":443\"; ma=2592000,h3-Q043=\":443\"; ma=2592000,quic=\":443\"; ma=2592000; v=\"46,43\"","accept-ranges":"none","transfer-encoding":"chunked"}
[debug] [2021-07-22T17:34:26.412Z] >>> [apiv2][query] GET https://firebase.googleapis.com/v1beta1/projects/sap006-socialnetwork [none]
[debug] [2021-07-22T17:34:26.913Z] <<< [apiv2][status] GET https://firebase.googleapis.com/v1beta1/projects/sap006-socialnetwork 200
[debug] [2021-07-22T17:34:26.913Z] <<< [apiv2][body] GET https://firebase.googleapis.com/v1beta1/projects/sap006-socialnetwork {"projectId":"sap006-socialnetwork","projectNumber":"163375419778","displayName":"SAP006-SocialNetwork","name":"projects/sap006-socialnetwork","resources":{"hostingSite":"sap006-socialnetwork"},"state":"ACTIVE"}
[debug] [2021-07-22T17:34:26.916Z] >>> [apiv2][query] GET https://firebasehosting.googleapis.com/v1beta1/projects/sap006-socialnetwork/sites 
[debug] [2021-07-22T17:34:28.059Z] <<< [apiv2][status] GET https://firebasehosting.googleapis.com/v1beta1/projects/sap006-socialnetwork/sites 200
[debug] [2021-07-22T17:34:28.060Z] <<< [apiv2][body] GET https://firebasehosting.googleapis.com/v1beta1/projects/sap006-socialnetwork/sites {"sites":[{"name":"projects/163375419778/sites/sap006-socialnetwork","defaultUrl":"https://sap006-socialnetwork.web.app","type":"DEFAULT_SITE"}]}
[debug] [2021-07-22T17:34:28.060Z] >>> [apiv2][query] GET https://firebase.googleapis.com/v1beta1/projects/sap006-socialnetwork/webApps/-/config [none]
[debug] [2021-07-22T17:34:29.443Z] <<< [apiv2][status] GET https://firebase.googleapis.com/v1beta1/projects/sap006-socialnetwork/webApps/-/config 200
[debug] [2021-07-22T17:34:29.444Z] <<< [apiv2][body] GET https://firebase.googleapis.com/v1beta1/projects/sap006-socialnetwork/webApps/-/config {"projectId":"sap006-socialnetwork","appId":"1:163375419778:web:3d72e6c3e6855d517dff9b","storageBucket":"sap006-socialnetwork.appspot.com","apiKey":"AIzaSyDZsobzbWYCkV_lDocfccutJLJsZXdNNtg","authDomain":"sap006-socialnetwork.firebaseapp.com","messagingSenderId":"163375419778"}
[info] i  hosting: Serving hosting files from: src {"metadata":{"emulator":{"name":"hosting"},"message":"Serving hosting files from: \u001b[1msrc\u001b[22m"}}
[info] +  hosting: Local server: http://localhost:5000 {"metadata":{"emulator":{"name":"hosting"},"message":"Local server: \u001b[4m\u001b[1mhttp://localhost:5000\u001b[22m\u001b[24m"}}
[debug] [2021-07-22T17:34:47.739Z] ----------------------------------------------------------------------
[debug] [2021-07-22T17:34:47.742Z] Command:       C:\Program Files (x86)\nodejs\node.exe C:\Users\Acer\AppData\Roaming\npm\node_modules\firebase-tools\lib\bin\firebase.js serve --only hosting
[debug] [2021-07-22T17:34:47.743Z] CLI Version:   9.16.0
[debug] [2021-07-22T17:34:47.743Z] Platform:      win32
[debug] [2021-07-22T17:34:47.743Z] Node Version:  v14.17.0
[debug] [2021-07-22T17:34:47.746Z] Time:          Thu Jul 22 2021 14:34:47 GMT-0300 (Horário Padrão de Brasília)
[debug] [2021-07-22T17:34:47.746Z] ----------------------------------------------------------------------
[debug] 
[debug] [2021-07-22T17:34:47.852Z] > command requires scopes: ["email","openid","https://www.googleapis.com/auth/cloudplatformprojects.readonly","https://www.googleapis.com/auth/firebase","https://www.googleapis.com/auth/cloud-platform"]
[debug] [2021-07-22T17:34:47.853Z] > authorizing via signed-in user (isisbeatrizrn@gmail.com)
[debug] [2021-07-22T17:34:47.853Z] [iam] checking project sap006-socialnetwork for permissions ["firebase.projects.get"]
[debug] [2021-07-22T17:34:47.856Z] > refreshing access token with scopes: ["email","https://www.googleapis.com/auth/cloud-platform","https://www.googleapis.com/auth/cloudplatformprojects.readonly","https://www.googleapis.com/auth/firebase","openid"]
[debug] [2021-07-22T17:34:47.857Z] >>> HTTP REQUEST POST https://www.googleapis.com/oauth2/v3/token  
 <request body omitted>
[debug] [2021-07-22T17:34:48.133Z] <<< HTTP RESPONSE 200 {"cache-control":"no-cache, no-store, max-age=0, must-revalidate","expires":"Mon, 01 Jan 1990 00:00:00 GMT","date":"Thu, 22 Jul 2021 17:34:48 GMT","pragma":"no-cache","content-type":"application/json; charset=utf-8","vary":"X-Origin, Referer, Origin,Accept-Encoding","server":"scaffolding on HTTPServer2","x-xss-protection":"0","x-frame-options":"SAMEORIGIN","x-content-type-options":"nosniff","alt-svc":"h3=\":443\"; ma=2592000,h3-29=\":443\"; ma=2592000,h3-T051=\":443\"; ma=2592000,h3-Q050=\":443\"; ma=2592000,h3-Q046=\":443\"; ma=2592000,h3-Q043=\":443\"; ma=2592000,quic=\":443\"; ma=2592000; v=\"46,43\"","accept-ranges":"none","transfer-encoding":"chunked"}
[debug] [2021-07-22T17:34:48.247Z] >>> HTTP REQUEST POST https://cloudresourcemanager.googleapis.com/v1/projects/sap006-socialnetwork:testIamPermissions  
 {"permissions":["firebase.projects.get"]}
[debug] [2021-07-22T17:34:49.196Z] <<< HTTP RESPONSE 200 {"content-type":"application/json; charset=UTF-8","vary":"X-Origin, Referer, Origin,Accept-Encoding","date":"Thu, 22 Jul 2021 17:34:49 GMT","server":"ESF","cache-control":"private","x-xss-protection":"0","x-frame-options":"SAMEORIGIN","x-content-type-options":"nosniff","server-timing":"gfet4t7; dur=780","alt-svc":"h3=\":443\"; ma=2592000,h3-29=\":443\"; ma=2592000,h3-T051=\":443\"; ma=2592000,h3-Q050=\":443\"; ma=2592000,h3-Q046=\":443\"; ma=2592000,h3-Q043=\":443\"; ma=2592000,quic=\":443\"; ma=2592000; v=\"46,43\"","accept-ranges":"none","transfer-encoding":"chunked"}
[debug] [2021-07-22T17:34:49.199Z] > refreshing access token with scopes: []
[debug] [2021-07-22T17:34:49.199Z] >>> HTTP REQUEST POST https://www.googleapis.com/oauth2/v3/token  
 <request body omitted>
[debug] [2021-07-22T17:34:49.546Z] <<< HTTP RESPONSE 200 {"date":"Thu, 22 Jul 2021 17:34:49 GMT","expires":"Mon, 01 Jan 1990 00:00:00 GMT","cache-control":"no-cache, no-store, max-age=0, must-revalidate","pragma":"no-cache","content-type":"application/json; charset=utf-8","vary":"X-Origin, Referer, Origin,Accept-Encoding","server":"scaffolding on HTTPServer2","x-xss-protection":"0","x-frame-options":"SAMEORIGIN","x-content-type-options":"nosniff","alt-svc":"h3=\":443\"; ma=2592000,h3-29=\":443\"; ma=2592000,h3-T051=\":443\"; ma=2592000,h3-Q050=\":443\"; ma=2592000,h3-Q046=\":443\"; ma=2592000,h3-Q043=\":443\"; ma=2592000,quic=\":443\"; ma=2592000; v=\"46,43\"","accept-ranges":"none","transfer-encoding":"chunked"}
[debug] [2021-07-22T17:34:49.660Z] >>> [apiv2][query] GET https://firebase.googleapis.com/v1beta1/projects/sap006-socialnetwork [none]
[debug] [2021-07-22T17:34:50.741Z] <<< [apiv2][status] GET https://firebase.googleapis.com/v1beta1/projects/sap006-socialnetwork 200
[debug] [2021-07-22T17:34:50.742Z] <<< [apiv2][body] GET https://firebase.googleapis.com/v1beta1/projects/sap006-socialnetwork {"projectId":"sap006-socialnetwork","projectNumber":"163375419778","displayName":"SAP006-SocialNetwork","name":"projects/sap006-socialnetwork","resources":{"hostingSite":"sap006-socialnetwork"},"state":"ACTIVE"}
[debug] [2021-07-22T17:34:50.744Z] >>> [apiv2][query] GET https://firebasehosting.googleapis.com/v1beta1/projects/sap006-socialnetwork/sites 
[debug] [2021-07-22T17:34:51.789Z] <<< [apiv2][status] GET https://firebasehosting.googleapis.com/v1beta1/projects/sap006-socialnetwork/sites 200
[debug] [2021-07-22T17:34:51.790Z] <<< [apiv2][body] GET https://firebasehosting.googleapis.com/v1beta1/projects/sap006-socialnetwork/sites {"sites":[{"name":"projects/163375419778/sites/sap006-socialnetwork","defaultUrl":"https://sap006-socialnetwork.web.app","type":"DEFAULT_SITE"}]}
[debug] [2021-07-22T17:34:51.790Z] >>> [apiv2][query] GET https://firebase.googleapis.com/v1beta1/projects/sap006-socialnetwork/webApps/-/config [none]
[debug] [2021-07-22T17:34:53.178Z] <<< [apiv2][status] GET https://firebase.googleapis.com/v1beta1/projects/sap006-socialnetwork/webApps/-/config 200
[debug] [2021-07-22T17:34:53.178Z] <<< [apiv2][body] GET https://firebase.googleapis.com/v1beta1/projects/sap006-socialnetwork/webApps/-/config {"projectId":"sap006-socialnetwork","appId":"1:163375419778:web:3d72e6c3e6855d517dff9b","storageBucket":"sap006-socialnetwork.appspot.com","apiKey":"AIzaSyDZsobzbWYCkV_lDocfccutJLJsZXdNNtg","authDomain":"sap006-socialnetwork.firebaseapp.com","messagingSenderId":"163375419778"}
[warn] !  hosting: Port 5000 is not available. Trying another port... {"metadata":{"emulator":{"name":"hosting"},"message":"\u001b[33mhosting: \u001b[39mPort 5000 is not available. Trying another port..."}}
[info] i  hosting: Serving hosting files from: src {"metadata":{"emulator":{"name":"hosting"},"message":"Serving hosting files from: \u001b[1msrc\u001b[22m"}}
[info] +  hosting: Local server: http://localhost:5005 {"metadata":{"emulator":{"name":"hosting"},"message":"Local server: \u001b[4m\u001b[1mhttp://localhost:5005\u001b[22m\u001b[24m"}}
[info] i  hosting: 127.0.0.1 - - [22/Jul/2021:17:35:16 +0000] "GET / HTTP/1.1" 200 1139 "-" "Mozilla/5.0 (Windows NT 10.0; Win64; x64) AppleWebKit/537.36 (KHTML, like Gecko) Chrome/92.0.4515.107 Safari/537.36" {"metadata":{"emulator":{"name":"hosting"},"message":"127.0.0.1 - - [22/Jul/2021:17:35:16 +0000] \"GET / HTTP/1.1\" 200 1139 \"-\" \"Mozilla/5.0 (Windows NT 10.0; Win64; x64) AppleWebKit/537.36 (KHTML, like Gecko) Chrome/92.0.4515.107 Safari/537.36\""}}
[info] i  hosting: 127.0.0.1 - - [22/Jul/2021:17:35:17 +0000] "GET /main.js HTTP/1.1" 200 115 "http://localhost:5005/" "Mozilla/5.0 (Windows NT 10.0; Win64; x64) AppleWebKit/537.36 (KHTML, like Gecko) Chrome/92.0.4515.107 Safari/537.36" {"metadata":{"emulator":{"name":"hosting"},"message":"127.0.0.1 - - [22/Jul/2021:17:35:17 +0000] \"GET /main.js HTTP/1.1\" 200 115 \"http://localhost:5005/\" \"Mozilla/5.0 (Windows NT 10.0; Win64; x64) AppleWebKit/537.36 (KHTML, like Gecko) Chrome/92.0.4515.107 Safari/537.36\""}}
[info] i  hosting: 127.0.0.1 - - [22/Jul/2021:17:35:17 +0000] "GET /lib/index.js HTTP/1.1" 200 150 "http://localhost:5005/main.js" "Mozilla/5.0 (Windows NT 10.0; Win64; x64) AppleWebKit/537.36 (KHTML, like Gecko) Chrome/92.0.4515.107 Safari/537.36" {"metadata":{"emulator":{"name":"hosting"},"message":"127.0.0.1 - - [22/Jul/2021:17:35:17 +0000] \"GET /lib/index.js HTTP/1.1\" 200 150 \"http://localhost:5005/main.js\" \"Mozilla/5.0 (Windows NT 10.0; Win64; x64) AppleWebKit/537.36 (KHTML, like Gecko) Chrome/92.0.4515.107 Safari/537.36\""}}
[info] i  hosting: 127.0.0.1 - - [22/Jul/2021:17:35:18 +0000] "GET /favicon.ico HTTP/1.1" 200 1139 "http://localhost:5005/" "Mozilla/5.0 (Windows NT 10.0; Win64; x64) AppleWebKit/537.36 (KHTML, like Gecko) Chrome/92.0.4515.107 Safari/537.36" {"metadata":{"emulator":{"name":"hosting"},"message":"127.0.0.1 - - [22/Jul/2021:17:35:18 +0000] \"GET /favicon.ico HTTP/1.1\" 200 1139 \"http://localhost:5005/\" \"Mozilla/5.0 (Windows NT 10.0; Win64; x64) AppleWebKit/537.36 (KHTML, like Gecko) Chrome/92.0.4515.107 Safari/537.36\""}}
