[debug] [2021-07-22T23:00:14.876Z] ----------------------------------------------------------------------
[debug] [2021-07-22T23:00:14.878Z] Command:       C:\Program Files\nodejs\node.exe C:\Users\Usuario\AppData\Roaming\npm\node_modules\firebase-tools\lib\bin\firebase.js serve --only hosting
[debug] [2021-07-22T23:00:14.879Z] CLI Version:   9.16.0
[debug] [2021-07-22T23:00:14.879Z] Platform:      win32
[debug] [2021-07-22T23:00:14.879Z] Node Version:  v14.15.5
[debug] [2021-07-22T23:00:14.881Z] Time:          Thu Jul 22 2021 20:00:14 GMT-0300 (Horário Padrão de Brasília)
[debug] [2021-07-22T23:00:14.881Z] ----------------------------------------------------------------------
[debug] 
[debug] [2021-07-22T23:00:14.948Z] > command requires scopes: ["email","openid","https://www.googleapis.com/auth/cloudplatformprojects.readonly","https://www.googleapis.com/auth/firebase","https://www.googleapis.com/auth/cloud-platform"]
[debug] [2021-07-22T23:00:14.948Z] > authorizing via signed-in user (jullimayanne9@gmail.com)
[debug] [2021-07-22T23:00:14.949Z] [iam] checking project rede-social-ab0d1 for permissions ["firebase.projects.get"]
[debug] [2021-07-22T23:00:14.951Z] > refreshing access token with scopes: ["email","https://www.googleapis.com/auth/cloud-platform","https://www.googleapis.com/auth/cloudplatformprojects.readonly","https://www.googleapis.com/auth/firebase","openid"]
[debug] [2021-07-22T23:00:14.951Z] >>> HTTP REQUEST POST https://www.googleapis.com/oauth2/v3/token  
 <request body omitted>
[debug] [2021-07-22T23:00:14.977Z] [iam] error while checking permissions, command may fail: FirebaseError: Authentication Error: Your credentials are no longer valid. Please run firebase login --reauth

For CI servers and headless environments, generate a new token with firebase login:ci
[debug] [2021-07-22T23:00:14.980Z] >>> [apiv2][query] GET https://firebase.googleapis.com/v1beta1/projects/rede-social-ab0d1 [none]
[debug] [2021-07-22T23:00:14.986Z] Failed to make request to https://firebase.googleapis.com/v1beta1/projects/rede-social-ab0d1
[debug] [2021-07-22T23:00:14.993Z] FirebaseError: Failed to make request to https://firebase.googleapis.com/v1beta1/projects/rede-social-ab0d1
    at Client.doRequest (C:\Users\Usuario\AppData\Roaming\npm\node_modules\firebase-tools\lib\apiv2.js:211:19)
    at processTicksAndRejections (internal/process/task_queues.js:93:5)
    at async Client.request (C:\Users\Usuario\AppData\Roaming\npm\node_modules\firebase-tools\lib\apiv2.js:96:20)
    at async Object.getFirebaseProject (C:\Users\Usuario\AppData\Roaming\npm\node_modules\firebase-tools\lib\management\projects.js:290:21)
    at async getProjectNumber (C:\Users\Usuario\AppData\Roaming\npm\node_modules\firebase-tools\lib\getProjectNumber.js:11:22)
    at async C:\Users\Usuario\AppData\Roaming\npm\node_modules\firebase-tools\lib\command.js:169:17
[error] 
[error] Error: Failed to get Firebase project rede-social-ab0d1. Please make sure the project exists and your account has permission to access it.
